[0.215s] DEBUG:colcon:Command line arguments: ['/usr/bin/colcon', 'list', '-p', '--base-paths', '/home/won/ros2_ws/src']
[0.215s] DEBUG:colcon:Parsed command line arguments: Namespace(log_base=None, log_level=None, verb_name='list', build_base='build', ignore_user_meta=False, metas=['./colcon.meta'], base_paths=['/home/won/ros2_ws/src'], packages_ignore=None, packages_ignore_regex=None, paths=None, packages_up_to=None, packages_up_to_regex=None, packages_above=None, packages_above_and_dependencies=None, packages_above_depth=None, packages_select_by_dep=None, packages_skip_by_dep=None, packages_skip_up_to=None, packages_select_build_failed=False, packages_skip_build_finished=False, packages_select_test_failures=False, packages_skip_test_passed=False, packages_select=None, packages_skip=None, packages_select_regex=None, packages_skip_regex=None, packages_start=None, packages_end=None, allow_overriding=[], topological_order=False, names_only=False, paths_only=True, topological_graph=False, topological_graph_dot=False, topological_graph_density=False, topological_graph_legend=False, topological_graph_dot_cluster=False, topological_graph_dot_include_skipped=False, mixin_files=None, mixin=None, verb_parser=<colcon_mixin.mixin.mixin_argument.MixinArgumentDecorator object at 0x710ad594f040>, verb_extension=<colcon_package_information.verb.list.ListVerb object at 0x710ad594df90>, main=<bound method ListVerb.main of <colcon_package_information.verb.list.ListVerb object at 0x710ad594df90>>, mixin_verb=('list',))
[0.600s] Level 1:colcon.colcon_core.package_discovery:discover_packages(colcon_meta) check parameters
[0.600s] Level 1:colcon.colcon_core.package_discovery:discover_packages(recursive) check parameters
[0.600s] Level 1:colcon.colcon_core.package_discovery:discover_packages(ignore) check parameters
[0.600s] Level 1:colcon.colcon_core.package_discovery:discover_packages(path) check parameters
[0.600s] Level 1:colcon.colcon_core.package_discovery:discover_packages(recursive) discover
[0.600s] INFO:colcon.colcon_core.package_discovery:Crawling recursively for packages in '/home/won/ros2_ws/src'
[0.601s] Level 1:colcon.colcon_core.package_identification:_identify(/home/won/ros2_ws/src) by extensions ['ignore', 'ignore_ament_install']
[0.601s] Level 1:colcon.colcon_core.package_identification:_identify(/home/won/ros2_ws/src) by extension 'ignore'
[0.601s] Level 1:colcon.colcon_core.package_identification:_identify(/home/won/ros2_ws/src) by extension 'ignore_ament_install'
[0.601s] Level 1:colcon.colcon_core.package_identification:_identify(/home/won/ros2_ws/src) by extensions ['colcon_pkg']
[0.601s] Level 1:colcon.colcon_core.package_identification:_identify(/home/won/ros2_ws/src) by extension 'colcon_pkg'
[0.601s] Level 1:colcon.colcon_core.package_identification:_identify(/home/won/ros2_ws/src) by extensions ['colcon_meta']
[0.601s] Level 1:colcon.colcon_core.package_identification:_identify(/home/won/ros2_ws/src) by extension 'colcon_meta'
[0.601s] Level 1:colcon.colcon_core.package_identification:_identify(/home/won/ros2_ws/src) by extensions ['ros']
[0.601s] Level 1:colcon.colcon_core.package_identification:_identify(/home/won/ros2_ws/src) by extension 'ros'
[0.625s] Level 1:colcon.colcon_core.package_identification:_identify(/home/won/ros2_ws/src) by extensions ['cmake', 'python']
[0.625s] Level 1:colcon.colcon_core.package_identification:_identify(/home/won/ros2_ws/src) by extension 'cmake'
[0.625s] Level 1:colcon.colcon_core.package_identification:_identify(/home/won/ros2_ws/src) by extension 'python'
[0.625s] Level 1:colcon.colcon_core.package_identification:_identify(/home/won/ros2_ws/src) by extensions ['python_setup_py']
[0.625s] Level 1:colcon.colcon_core.package_identification:_identify(/home/won/ros2_ws/src) by extension 'python_setup_py'
[0.625s] Level 1:colcon.colcon_core.package_identification:_identify(/home/won/ros2_ws/src/client_pkg) by extensions ['ignore', 'ignore_ament_install']
[0.625s] Level 1:colcon.colcon_core.package_identification:_identify(/home/won/ros2_ws/src/client_pkg) by extension 'ignore'
[0.626s] Level 1:colcon.colcon_core.package_identification:_identify(/home/won/ros2_ws/src/client_pkg) by extension 'ignore_ament_install'
[0.626s] Level 1:colcon.colcon_core.package_identification:_identify(/home/won/ros2_ws/src/client_pkg) by extensions ['colcon_pkg']
[0.626s] Level 1:colcon.colcon_core.package_identification:_identify(/home/won/ros2_ws/src/client_pkg) by extension 'colcon_pkg'
[0.626s] Level 1:colcon.colcon_core.package_identification:_identify(/home/won/ros2_ws/src/client_pkg) by extensions ['colcon_meta']
[0.626s] Level 1:colcon.colcon_core.package_identification:_identify(/home/won/ros2_ws/src/client_pkg) by extension 'colcon_meta'
[0.626s] Level 1:colcon.colcon_core.package_identification:_identify(/home/won/ros2_ws/src/client_pkg) by extensions ['ros']
[0.626s] Level 1:colcon.colcon_core.package_identification:_identify(/home/won/ros2_ws/src/client_pkg) by extension 'ros'
[0.631s] DEBUG:colcon.colcon_core.package_identification:Package '/home/won/ros2_ws/src/client_pkg' with type 'ros.ament_python' and name 'client_pkg'
[0.632s] Level 1:colcon.colcon_core.package_identification:_identify(/home/won/ros2_ws/src/cpp_pub1sub2) by extensions ['ignore', 'ignore_ament_install']
[0.632s] Level 1:colcon.colcon_core.package_identification:_identify(/home/won/ros2_ws/src/cpp_pub1sub2) by extension 'ignore'
[0.632s] Level 1:colcon.colcon_core.package_identification:_identify(/home/won/ros2_ws/src/cpp_pub1sub2) by extension 'ignore_ament_install'
[0.632s] Level 1:colcon.colcon_core.package_identification:_identify(/home/won/ros2_ws/src/cpp_pub1sub2) by extensions ['colcon_pkg']
[0.632s] Level 1:colcon.colcon_core.package_identification:_identify(/home/won/ros2_ws/src/cpp_pub1sub2) by extension 'colcon_pkg'
[0.632s] Level 1:colcon.colcon_core.package_identification:_identify(/home/won/ros2_ws/src/cpp_pub1sub2) by extensions ['colcon_meta']
[0.632s] Level 1:colcon.colcon_core.package_identification:_identify(/home/won/ros2_ws/src/cpp_pub1sub2) by extension 'colcon_meta'
[0.632s] Level 1:colcon.colcon_core.package_identification:_identify(/home/won/ros2_ws/src/cpp_pub1sub2) by extensions ['ros']
[0.633s] Level 1:colcon.colcon_core.package_identification:_identify(/home/won/ros2_ws/src/cpp_pub1sub2) by extension 'ros'
[0.650s] DEBUG:colcon.colcon_core.package_identification:Package '/home/won/ros2_ws/src/cpp_pub1sub2' with type 'ros.ament_cmake' and name 'cpp_pub1sub2'
[0.651s] Level 1:colcon.colcon_core.package_identification:_identify(/home/won/ros2_ws/src/cpp_pubsub_example) by extensions ['ignore', 'ignore_ament_install']
[0.651s] Level 1:colcon.colcon_core.package_identification:_identify(/home/won/ros2_ws/src/cpp_pubsub_example) by extension 'ignore'
[0.651s] Level 1:colcon.colcon_core.package_identification:_identify(/home/won/ros2_ws/src/cpp_pubsub_example) by extension 'ignore_ament_install'
[0.651s] Level 1:colcon.colcon_core.package_identification:_identify(/home/won/ros2_ws/src/cpp_pubsub_example) by extensions ['colcon_pkg']
[0.651s] Level 1:colcon.colcon_core.package_identification:_identify(/home/won/ros2_ws/src/cpp_pubsub_example) by extension 'colcon_pkg'
[0.651s] Level 1:colcon.colcon_core.package_identification:_identify(/home/won/ros2_ws/src/cpp_pubsub_example) by extensions ['colcon_meta']
[0.652s] Level 1:colcon.colcon_core.package_identification:_identify(/home/won/ros2_ws/src/cpp_pubsub_example) by extension 'colcon_meta'
[0.652s] Level 1:colcon.colcon_core.package_identification:_identify(/home/won/ros2_ws/src/cpp_pubsub_example) by extensions ['ros']
[0.652s] Level 1:colcon.colcon_core.package_identification:_identify(/home/won/ros2_ws/src/cpp_pubsub_example) by extension 'ros'
[0.653s] DEBUG:colcon.colcon_core.package_identification:Package '/home/won/ros2_ws/src/cpp_pubsub_example' with type 'ros.ament_cmake' and name 'cpp_pubsub_example'
[0.653s] Level 1:colcon.colcon_core.package_identification:_identify(/home/won/ros2_ws/src/cpp_pubsub_multi_node) by extensions ['ignore', 'ignore_ament_install']
[0.654s] Level 1:colcon.colcon_core.package_identification:_identify(/home/won/ros2_ws/src/cpp_pubsub_multi_node) by extension 'ignore'
[0.654s] Level 1:colcon.colcon_core.package_identification:_identify(/home/won/ros2_ws/src/cpp_pubsub_multi_node) by extension 'ignore_ament_install'
[0.654s] Level 1:colcon.colcon_core.package_identification:_identify(/home/won/ros2_ws/src/cpp_pubsub_multi_node) by extensions ['colcon_pkg']
[0.654s] Level 1:colcon.colcon_core.package_identification:_identify(/home/won/ros2_ws/src/cpp_pubsub_multi_node) by extension 'colcon_pkg'
[0.654s] Level 1:colcon.colcon_core.package_identification:_identify(/home/won/ros2_ws/src/cpp_pubsub_multi_node) by extensions ['colcon_meta']
[0.654s] Level 1:colcon.colcon_core.package_identification:_identify(/home/won/ros2_ws/src/cpp_pubsub_multi_node) by extension 'colcon_meta'
[0.654s] Level 1:colcon.colcon_core.package_identification:_identify(/home/won/ros2_ws/src/cpp_pubsub_multi_node) by extensions ['ros']
[0.654s] Level 1:colcon.colcon_core.package_identification:_identify(/home/won/ros2_ws/src/cpp_pubsub_multi_node) by extension 'ros'
[0.656s] DEBUG:colcon.colcon_core.package_identification:Package '/home/won/ros2_ws/src/cpp_pubsub_multi_node' with type 'ros.ament_cmake' and name 'cpp_pubsub_multi_node'
[0.656s] Level 1:colcon.colcon_core.package_identification:_identify(/home/won/ros2_ws/src/cpp_pubsub_same_process) by extensions ['ignore', 'ignore_ament_install']
[0.656s] Level 1:colcon.colcon_core.package_identification:_identify(/home/won/ros2_ws/src/cpp_pubsub_same_process) by extension 'ignore'
[0.656s] Level 1:colcon.colcon_core.package_identification:_identify(/home/won/ros2_ws/src/cpp_pubsub_same_process) by extension 'ignore_ament_install'
[0.656s] Level 1:colcon.colcon_core.package_identification:_identify(/home/won/ros2_ws/src/cpp_pubsub_same_process) by extensions ['colcon_pkg']
[0.656s] Level 1:colcon.colcon_core.package_identification:_identify(/home/won/ros2_ws/src/cpp_pubsub_same_process) by extension 'colcon_pkg'
[0.656s] Level 1:colcon.colcon_core.package_identification:_identify(/home/won/ros2_ws/src/cpp_pubsub_same_process) by extensions ['colcon_meta']
[0.657s] Level 1:colcon.colcon_core.package_identification:_identify(/home/won/ros2_ws/src/cpp_pubsub_same_process) by extension 'colcon_meta'
[0.657s] Level 1:colcon.colcon_core.package_identification:_identify(/home/won/ros2_ws/src/cpp_pubsub_same_process) by extensions ['ros']
[0.657s] Level 1:colcon.colcon_core.package_identification:_identify(/home/won/ros2_ws/src/cpp_pubsub_same_process) by extension 'ros'
[0.658s] DEBUG:colcon.colcon_core.package_identification:Package '/home/won/ros2_ws/src/cpp_pubsub_same_process' with type 'ros.ament_cmake' and name 'cpp_pubsub_same_process'
[0.658s] Level 1:colcon.colcon_core.package_identification:_identify(/home/won/ros2_ws/src/custom_interface_example) by extensions ['ignore', 'ignore_ament_install']
[0.658s] Level 1:colcon.colcon_core.package_identification:_identify(/home/won/ros2_ws/src/custom_interface_example) by extension 'ignore'
[0.659s] Level 1:colcon.colcon_core.package_identification:_identify(/home/won/ros2_ws/src/custom_interface_example) by extension 'ignore_ament_install'
[0.659s] Level 1:colcon.colcon_core.package_identification:_identify(/home/won/ros2_ws/src/custom_interface_example) by extensions ['colcon_pkg']
[0.659s] Level 1:colcon.colcon_core.package_identification:_identify(/home/won/ros2_ws/src/custom_interface_example) by extension 'colcon_pkg'
[0.659s] Level 1:colcon.colcon_core.package_identification:_identify(/home/won/ros2_ws/src/custom_interface_example) by extensions ['colcon_meta']
[0.659s] Level 1:colcon.colcon_core.package_identification:_identify(/home/won/ros2_ws/src/custom_interface_example) by extension 'colcon_meta'
[0.659s] Level 1:colcon.colcon_core.package_identification:_identify(/home/won/ros2_ws/src/custom_interface_example) by extensions ['ros']
[0.659s] Level 1:colcon.colcon_core.package_identification:_identify(/home/won/ros2_ws/src/custom_interface_example) by extension 'ros'
[0.661s] DEBUG:colcon.colcon_core.package_identification:Package '/home/won/ros2_ws/src/custom_interface_example' with type 'ros.ament_python' and name 'custom_interface_example'
[0.661s] Level 1:colcon.colcon_core.package_identification:_identify(/home/won/ros2_ws/src/custom_interfaces) by extensions ['ignore', 'ignore_ament_install']
[0.661s] Level 1:colcon.colcon_core.package_identification:_identify(/home/won/ros2_ws/src/custom_interfaces) by extension 'ignore'
[0.662s] Level 1:colcon.colcon_core.package_identification:_identify(/home/won/ros2_ws/src/custom_interfaces) by extension 'ignore_ament_install'
[0.662s] Level 1:colcon.colcon_core.package_identification:_identify(/home/won/ros2_ws/src/custom_interfaces) by extensions ['colcon_pkg']
[0.662s] Level 1:colcon.colcon_core.package_identification:_identify(/home/won/ros2_ws/src/custom_interfaces) by extension 'colcon_pkg'
[0.662s] Level 1:colcon.colcon_core.package_identification:_identify(/home/won/ros2_ws/src/custom_interfaces) by extensions ['colcon_meta']
[0.662s] Level 1:colcon.colcon_core.package_identification:_identify(/home/won/ros2_ws/src/custom_interfaces) by extension 'colcon_meta'
[0.662s] Level 1:colcon.colcon_core.package_identification:_identify(/home/won/ros2_ws/src/custom_interfaces) by extensions ['ros']
[0.662s] Level 1:colcon.colcon_core.package_identification:_identify(/home/won/ros2_ws/src/custom_interfaces) by extension 'ros'
[0.664s] DEBUG:colcon.colcon_core.package_identification:Package '/home/won/ros2_ws/src/custom_interfaces' with type 'ros.ament_cmake' and name 'custom_interfaces'
[0.664s] Level 1:colcon.colcon_core.package_identification:_identify(/home/won/ros2_ws/src/exercise_pkg) by extensions ['ignore', 'ignore_ament_install']
[0.665s] Level 1:colcon.colcon_core.package_identification:_identify(/home/won/ros2_ws/src/exercise_pkg) by extension 'ignore'
[0.665s] Level 1:colcon.colcon_core.package_identification:_identify(/home/won/ros2_ws/src/exercise_pkg) by extension 'ignore_ament_install'
[0.665s] Level 1:colcon.colcon_core.package_identification:_identify(/home/won/ros2_ws/src/exercise_pkg) by extensions ['colcon_pkg']
[0.665s] Level 1:colcon.colcon_core.package_identification:_identify(/home/won/ros2_ws/src/exercise_pkg) by extension 'colcon_pkg'
[0.665s] Level 1:colcon.colcon_core.package_identification:_identify(/home/won/ros2_ws/src/exercise_pkg) by extensions ['colcon_meta']
[0.665s] Level 1:colcon.colcon_core.package_identification:_identify(/home/won/ros2_ws/src/exercise_pkg) by extension 'colcon_meta'
[0.665s] Level 1:colcon.colcon_core.package_identification:_identify(/home/won/ros2_ws/src/exercise_pkg) by extensions ['ros']
[0.665s] Level 1:colcon.colcon_core.package_identification:_identify(/home/won/ros2_ws/src/exercise_pkg) by extension 'ros'
[0.667s] DEBUG:colcon.colcon_core.package_identification:Package '/home/won/ros2_ws/src/exercise_pkg' with type 'ros.ament_python' and name 'exercise_pkg'
[0.667s] Level 1:colcon.colcon_core.package_identification:_identify(/home/won/ros2_ws/src/log) by extensions ['ignore', 'ignore_ament_install']
[0.668s] Level 1:colcon.colcon_core.package_identification:_identify(/home/won/ros2_ws/src/log) by extension 'ignore'
[0.668s] Level 1:colcon.colcon_core.package_identification:_identify(/home/won/ros2_ws/src/log) ignored
[0.668s] Level 1:colcon.colcon_core.package_identification:_identify(/home/won/ros2_ws/src/my_pkg) by extensions ['ignore', 'ignore_ament_install']
[0.668s] Level 1:colcon.colcon_core.package_identification:_identify(/home/won/ros2_ws/src/my_pkg) by extension 'ignore'
[0.668s] Level 1:colcon.colcon_core.package_identification:_identify(/home/won/ros2_ws/src/my_pkg) by extension 'ignore_ament_install'
[0.668s] Level 1:colcon.colcon_core.package_identification:_identify(/home/won/ros2_ws/src/my_pkg) by extensions ['colcon_pkg']
[0.668s] Level 1:colcon.colcon_core.package_identification:_identify(/home/won/ros2_ws/src/my_pkg) by extension 'colcon_pkg'
[0.668s] Level 1:colcon.colcon_core.package_identification:_identify(/home/won/ros2_ws/src/my_pkg) by extensions ['colcon_meta']
[0.668s] Level 1:colcon.colcon_core.package_identification:_identify(/home/won/ros2_ws/src/my_pkg) by extension 'colcon_meta'
[0.668s] Level 1:colcon.colcon_core.package_identification:_identify(/home/won/ros2_ws/src/my_pkg) by extensions ['ros']
[0.669s] Level 1:colcon.colcon_core.package_identification:_identify(/home/won/ros2_ws/src/my_pkg) by extension 'ros'
[0.670s] DEBUG:colcon.colcon_core.package_identification:Package '/home/won/ros2_ws/src/my_pkg' with type 'ros.ament_python' and name 'my_pkg'
[0.670s] Level 1:colcon.colcon_core.package_identification:_identify(/home/won/ros2_ws/src/publisher_pkg) by extensions ['ignore', 'ignore_ament_install']
[0.670s] Level 1:colcon.colcon_core.package_identification:_identify(/home/won/ros2_ws/src/publisher_pkg) by extension 'ignore'
[0.670s] Level 1:colcon.colcon_core.package_identification:_identify(/home/won/ros2_ws/src/publisher_pkg) by extension 'ignore_ament_install'
[0.670s] Level 1:colcon.colcon_core.package_identification:_identify(/home/won/ros2_ws/src/publisher_pkg) by extensions ['colcon_pkg']
[0.670s] Level 1:colcon.colcon_core.package_identification:_identify(/home/won/ros2_ws/src/publisher_pkg) by extension 'colcon_pkg'
[0.671s] Level 1:colcon.colcon_core.package_identification:_identify(/home/won/ros2_ws/src/publisher_pkg) by extensions ['colcon_meta']
[0.671s] Level 1:colcon.colcon_core.package_identification:_identify(/home/won/ros2_ws/src/publisher_pkg) by extension 'colcon_meta'
[0.671s] Level 1:colcon.colcon_core.package_identification:_identify(/home/won/ros2_ws/src/publisher_pkg) by extensions ['ros']
[0.671s] Level 1:colcon.colcon_core.package_identification:_identify(/home/won/ros2_ws/src/publisher_pkg) by extension 'ros'
[0.672s] DEBUG:colcon.colcon_core.package_identification:Package '/home/won/ros2_ws/src/publisher_pkg' with type 'ros.ament_python' and name 'publisher_pkg'
[0.672s] Level 1:colcon.colcon_core.package_identification:_identify(/home/won/ros2_ws/src/server_pkg) by extensions ['ignore', 'ignore_ament_install']
[0.673s] Level 1:colcon.colcon_core.package_identification:_identify(/home/won/ros2_ws/src/server_pkg) by extension 'ignore'
[0.673s] Level 1:colcon.colcon_core.package_identification:_identify(/home/won/ros2_ws/src/server_pkg) by extension 'ignore_ament_install'
[0.673s] Level 1:colcon.colcon_core.package_identification:_identify(/home/won/ros2_ws/src/server_pkg) by extensions ['colcon_pkg']
[0.673s] Level 1:colcon.colcon_core.package_identification:_identify(/home/won/ros2_ws/src/server_pkg) by extension 'colcon_pkg'
[0.673s] Level 1:colcon.colcon_core.package_identification:_identify(/home/won/ros2_ws/src/server_pkg) by extensions ['colcon_meta']
[0.673s] Level 1:colcon.colcon_core.package_identification:_identify(/home/won/ros2_ws/src/server_pkg) by extension 'colcon_meta'
[0.673s] Level 1:colcon.colcon_core.package_identification:_identify(/home/won/ros2_ws/src/server_pkg) by extensions ['ros']
[0.673s] Level 1:colcon.colcon_core.package_identification:_identify(/home/won/ros2_ws/src/server_pkg) by extension 'ros'
[0.675s] DEBUG:colcon.colcon_core.package_identification:Package '/home/won/ros2_ws/src/server_pkg' with type 'ros.ament_python' and name 'server_pkg'
[0.675s] Level 1:colcon.colcon_core.package_identification:_identify(/home/won/ros2_ws/src/subscriber_pkg) by extensions ['ignore', 'ignore_ament_install']
[0.675s] Level 1:colcon.colcon_core.package_identification:_identify(/home/won/ros2_ws/src/subscriber_pkg) by extension 'ignore'
[0.675s] Level 1:colcon.colcon_core.package_identification:_identify(/home/won/ros2_ws/src/subscriber_pkg) by extension 'ignore_ament_install'
[0.675s] Level 1:colcon.colcon_core.package_identification:_identify(/home/won/ros2_ws/src/subscriber_pkg) by extensions ['colcon_pkg']
[0.675s] Level 1:colcon.colcon_core.package_identification:_identify(/home/won/ros2_ws/src/subscriber_pkg) by extension 'colcon_pkg'
[0.675s] Level 1:colcon.colcon_core.package_identification:_identify(/home/won/ros2_ws/src/subscriber_pkg) by extensions ['colcon_meta']
[0.675s] Level 1:colcon.colcon_core.package_identification:_identify(/home/won/ros2_ws/src/subscriber_pkg) by extension 'colcon_meta'
[0.676s] Level 1:colcon.colcon_core.package_identification:_identify(/home/won/ros2_ws/src/subscriber_pkg) by extensions ['ros']
[0.676s] Level 1:colcon.colcon_core.package_identification:_identify(/home/won/ros2_ws/src/subscriber_pkg) by extension 'ros'
[0.677s] DEBUG:colcon.colcon_core.package_identification:Package '/home/won/ros2_ws/src/subscriber_pkg' with type 'ros.ament_python' and name 'subscriber_pkg'
[0.677s] Level 1:colcon.colcon_core.package_identification:_identify(/home/won/ros2_ws/src/t3) by extensions ['ignore', 'ignore_ament_install']
[0.677s] Level 1:colcon.colcon_core.package_identification:_identify(/home/won/ros2_ws/src/t3) by extension 'ignore'
[0.678s] Level 1:colcon.colcon_core.package_identification:_identify(/home/won/ros2_ws/src/t3) by extension 'ignore_ament_install'
[0.678s] Level 1:colcon.colcon_core.package_identification:_identify(/home/won/ros2_ws/src/t3) by extensions ['colcon_pkg']
[0.678s] Level 1:colcon.colcon_core.package_identification:_identify(/home/won/ros2_ws/src/t3) by extension 'colcon_pkg'
[0.678s] Level 1:colcon.colcon_core.package_identification:_identify(/home/won/ros2_ws/src/t3) by extensions ['colcon_meta']
[0.678s] Level 1:colcon.colcon_core.package_identification:_identify(/home/won/ros2_ws/src/t3) by extension 'colcon_meta'
[0.678s] Level 1:colcon.colcon_core.package_identification:_identify(/home/won/ros2_ws/src/t3) by extensions ['ros']
[0.678s] Level 1:colcon.colcon_core.package_identification:_identify(/home/won/ros2_ws/src/t3) by extension 'ros'
[0.678s] Level 1:colcon.colcon_core.package_identification:_identify(/home/won/ros2_ws/src/t3) by extensions ['cmake', 'python']
[0.678s] Level 1:colcon.colcon_core.package_identification:_identify(/home/won/ros2_ws/src/t3) by extension 'cmake'
[0.678s] Level 1:colcon.colcon_core.package_identification:_identify(/home/won/ros2_ws/src/t3) by extension 'python'
[0.678s] Level 1:colcon.colcon_core.package_identification:_identify(/home/won/ros2_ws/src/t3) by extensions ['python_setup_py']
[0.678s] Level 1:colcon.colcon_core.package_identification:_identify(/home/won/ros2_ws/src/t3) by extension 'python_setup_py'
[0.679s] Level 1:colcon.colcon_core.package_identification:_identify(/home/won/ros2_ws/src/t3/DynamixelSDK) by extensions ['ignore', 'ignore_ament_install']
[0.679s] Level 1:colcon.colcon_core.package_identification:_identify(/home/won/ros2_ws/src/t3/DynamixelSDK) by extension 'ignore'
[0.679s] Level 1:colcon.colcon_core.package_identification:_identify(/home/won/ros2_ws/src/t3/DynamixelSDK) by extension 'ignore_ament_install'
[0.679s] Level 1:colcon.colcon_core.package_identification:_identify(/home/won/ros2_ws/src/t3/DynamixelSDK) by extensions ['colcon_pkg']
[0.679s] Level 1:colcon.colcon_core.package_identification:_identify(/home/won/ros2_ws/src/t3/DynamixelSDK) by extension 'colcon_pkg'
[0.679s] Level 1:colcon.colcon_core.package_identification:_identify(/home/won/ros2_ws/src/t3/DynamixelSDK) by extensions ['colcon_meta']
[0.679s] Level 1:colcon.colcon_core.package_identification:_identify(/home/won/ros2_ws/src/t3/DynamixelSDK) by extension 'colcon_meta'
[0.680s] Level 1:colcon.colcon_core.package_identification:_identify(/home/won/ros2_ws/src/t3/DynamixelSDK) by extensions ['ros']
[0.680s] Level 1:colcon.colcon_core.package_identification:_identify(/home/won/ros2_ws/src/t3/DynamixelSDK) by extension 'ros'
[0.680s] Level 1:colcon.colcon_core.package_identification:_identify(/home/won/ros2_ws/src/t3/DynamixelSDK) by extensions ['cmake', 'python']
[0.680s] Level 1:colcon.colcon_core.package_identification:_identify(/home/won/ros2_ws/src/t3/DynamixelSDK) by extension 'cmake'
[0.680s] Level 1:colcon.colcon_core.package_identification:_identify(/home/won/ros2_ws/src/t3/DynamixelSDK) by extension 'python'
[0.680s] Level 1:colcon.colcon_core.package_identification:_identify(/home/won/ros2_ws/src/t3/DynamixelSDK) by extensions ['python_setup_py']
[0.680s] Level 1:colcon.colcon_core.package_identification:_identify(/home/won/ros2_ws/src/t3/DynamixelSDK) by extension 'python_setup_py'
[0.681s] Level 1:colcon.colcon_core.package_identification:_identify(/home/won/ros2_ws/src/t3/DynamixelSDK/dynamixel_sdk) by extensions ['ignore', 'ignore_ament_install']
[0.681s] Level 1:colcon.colcon_core.package_identification:_identify(/home/won/ros2_ws/src/t3/DynamixelSDK/dynamixel_sdk) by extension 'ignore'
[0.681s] Level 1:colcon.colcon_core.package_identification:_identify(/home/won/ros2_ws/src/t3/DynamixelSDK/dynamixel_sdk) by extension 'ignore_ament_install'
[0.681s] Level 1:colcon.colcon_core.package_identification:_identify(/home/won/ros2_ws/src/t3/DynamixelSDK/dynamixel_sdk) by extensions ['colcon_pkg']
[0.681s] Level 1:colcon.colcon_core.package_identification:_identify(/home/won/ros2_ws/src/t3/DynamixelSDK/dynamixel_sdk) by extension 'colcon_pkg'
[0.681s] Level 1:colcon.colcon_core.package_identification:_identify(/home/won/ros2_ws/src/t3/DynamixelSDK/dynamixel_sdk) by extensions ['colcon_meta']
[0.681s] Level 1:colcon.colcon_core.package_identification:_identify(/home/won/ros2_ws/src/t3/DynamixelSDK/dynamixel_sdk) by extension 'colcon_meta'
[0.682s] Level 1:colcon.colcon_core.package_identification:_identify(/home/won/ros2_ws/src/t3/DynamixelSDK/dynamixel_sdk) by extensions ['ros']
[0.682s] Level 1:colcon.colcon_core.package_identification:_identify(/home/won/ros2_ws/src/t3/DynamixelSDK/dynamixel_sdk) by extension 'ros'
[0.684s] DEBUG:colcon.colcon_core.package_identification:Package '/home/won/ros2_ws/src/t3/DynamixelSDK/dynamixel_sdk' with type 'ros.ament_cmake' and name 'dynamixel_sdk'
[0.684s] Level 1:colcon.colcon_core.package_identification:_identify(/home/won/ros2_ws/src/t3/services_pkg) by extensions ['ignore', 'ignore_ament_install']
[0.684s] Level 1:colcon.colcon_core.package_identification:_identify(/home/won/ros2_ws/src/t3/services_pkg) by extension 'ignore'
[0.684s] Level 1:colcon.colcon_core.package_identification:_identify(/home/won/ros2_ws/src/t3/services_pkg) by extension 'ignore_ament_install'
[0.684s] Level 1:colcon.colcon_core.package_identification:_identify(/home/won/ros2_ws/src/t3/services_pkg) by extensions ['colcon_pkg']
[0.684s] Level 1:colcon.colcon_core.package_identification:_identify(/home/won/ros2_ws/src/t3/services_pkg) by extension 'colcon_pkg'
[0.685s] Level 1:colcon.colcon_core.package_identification:_identify(/home/won/ros2_ws/src/t3/services_pkg) by extensions ['colcon_meta']
[0.685s] Level 1:colcon.colcon_core.package_identification:_identify(/home/won/ros2_ws/src/t3/services_pkg) by extension 'colcon_meta'
[0.685s] Level 1:colcon.colcon_core.package_identification:_identify(/home/won/ros2_ws/src/t3/services_pkg) by extensions ['ros']
[0.685s] Level 1:colcon.colcon_core.package_identification:_identify(/home/won/ros2_ws/src/t3/services_pkg) by extension 'ros'
[0.687s] DEBUG:colcon.colcon_core.package_identification:Package '/home/won/ros2_ws/src/t3/services_pkg' with type 'ros.ament_python' and name 'services_pkg'
[0.687s] Level 1:colcon.colcon_core.package_identification:_identify(/home/won/ros2_ws/src/t3/t3_action_msg) by extensions ['ignore', 'ignore_ament_install']
[0.688s] Level 1:colcon.colcon_core.package_identification:_identify(/home/won/ros2_ws/src/t3/t3_action_msg) by extension 'ignore'
[0.688s] Level 1:colcon.colcon_core.package_identification:_identify(/home/won/ros2_ws/src/t3/t3_action_msg) by extension 'ignore_ament_install'
[0.688s] Level 1:colcon.colcon_core.package_identification:_identify(/home/won/ros2_ws/src/t3/t3_action_msg) by extensions ['colcon_pkg']
[0.688s] Level 1:colcon.colcon_core.package_identification:_identify(/home/won/ros2_ws/src/t3/t3_action_msg) by extension 'colcon_pkg'
[0.688s] Level 1:colcon.colcon_core.package_identification:_identify(/home/won/ros2_ws/src/t3/t3_action_msg) by extensions ['colcon_meta']
[0.688s] Level 1:colcon.colcon_core.package_identification:_identify(/home/won/ros2_ws/src/t3/t3_action_msg) by extension 'colcon_meta'
[0.688s] Level 1:colcon.colcon_core.package_identification:_identify(/home/won/ros2_ws/src/t3/t3_action_msg) by extensions ['ros']
[0.688s] Level 1:colcon.colcon_core.package_identification:_identify(/home/won/ros2_ws/src/t3/t3_action_msg) by extension 'ros'
[0.690s] DEBUG:colcon.colcon_core.package_identification:Package '/home/won/ros2_ws/src/t3/t3_action_msg' with type 'ros.ament_cmake' and name 't3_action_msg'
[0.691s] Level 1:colcon.colcon_core.package_identification:_identify(/home/won/ros2_ws/src/t3/turtlebot3) by extensions ['ignore', 'ignore_ament_install']
[0.691s] Level 1:colcon.colcon_core.package_identification:_identify(/home/won/ros2_ws/src/t3/turtlebot3) by extension 'ignore'
[0.691s] Level 1:colcon.colcon_core.package_identification:_identify(/home/won/ros2_ws/src/t3/turtlebot3) by extension 'ignore_ament_install'
[0.691s] Level 1:colcon.colcon_core.package_identification:_identify(/home/won/ros2_ws/src/t3/turtlebot3) by extensions ['colcon_pkg']
[0.691s] Level 1:colcon.colcon_core.package_identification:_identify(/home/won/ros2_ws/src/t3/turtlebot3) by extension 'colcon_pkg'
[0.691s] Level 1:colcon.colcon_core.package_identification:_identify(/home/won/ros2_ws/src/t3/turtlebot3) by extensions ['colcon_meta']
[0.691s] Level 1:colcon.colcon_core.package_identification:_identify(/home/won/ros2_ws/src/t3/turtlebot3) by extension 'colcon_meta'
[0.692s] Level 1:colcon.colcon_core.package_identification:_identify(/home/won/ros2_ws/src/t3/turtlebot3) by extensions ['ros']
[0.692s] Level 1:colcon.colcon_core.package_identification:_identify(/home/won/ros2_ws/src/t3/turtlebot3) by extension 'ros'
[0.692s] Level 1:colcon.colcon_core.package_identification:_identify(/home/won/ros2_ws/src/t3/turtlebot3) by extensions ['cmake', 'python']
[0.692s] Level 1:colcon.colcon_core.package_identification:_identify(/home/won/ros2_ws/src/t3/turtlebot3) by extension 'cmake'
[0.692s] Level 1:colcon.colcon_core.package_identification:_identify(/home/won/ros2_ws/src/t3/turtlebot3) by extension 'python'
[0.692s] Level 1:colcon.colcon_core.package_identification:_identify(/home/won/ros2_ws/src/t3/turtlebot3) by extensions ['python_setup_py']
[0.692s] Level 1:colcon.colcon_core.package_identification:_identify(/home/won/ros2_ws/src/t3/turtlebot3) by extension 'python_setup_py'
[0.693s] Level 1:colcon.colcon_core.package_identification:_identify(/home/won/ros2_ws/src/t3/turtlebot3/turtlebot3) by extensions ['ignore', 'ignore_ament_install']
[0.693s] Level 1:colcon.colcon_core.package_identification:_identify(/home/won/ros2_ws/src/t3/turtlebot3/turtlebot3) by extension 'ignore'
[0.693s] Level 1:colcon.colcon_core.package_identification:_identify(/home/won/ros2_ws/src/t3/turtlebot3/turtlebot3) by extension 'ignore_ament_install'
[0.693s] Level 1:colcon.colcon_core.package_identification:_identify(/home/won/ros2_ws/src/t3/turtlebot3/turtlebot3) by extensions ['colcon_pkg']
[0.693s] Level 1:colcon.colcon_core.package_identification:_identify(/home/won/ros2_ws/src/t3/turtlebot3/turtlebot3) by extension 'colcon_pkg'
[0.693s] Level 1:colcon.colcon_core.package_identification:_identify(/home/won/ros2_ws/src/t3/turtlebot3/turtlebot3) by extensions ['colcon_meta']
[0.693s] Level 1:colcon.colcon_core.package_identification:_identify(/home/won/ros2_ws/src/t3/turtlebot3/turtlebot3) by extension 'colcon_meta'
[0.694s] Level 1:colcon.colcon_core.package_identification:_identify(/home/won/ros2_ws/src/t3/turtlebot3/turtlebot3) by extensions ['ros']
[0.694s] Level 1:colcon.colcon_core.package_identification:_identify(/home/won/ros2_ws/src/t3/turtlebot3/turtlebot3) by extension 'ros'
[0.694s] Level 1:colcon.colcon_core.package_identification:_identify(/home/won/ros2_ws/src/t3/turtlebot3/turtlebot3) by extensions ['cmake', 'python']
[0.694s] Level 1:colcon.colcon_core.package_identification:_identify(/home/won/ros2_ws/src/t3/turtlebot3/turtlebot3) by extension 'cmake'
[0.694s] Level 1:colcon.colcon_core.package_identification:_identify(/home/won/ros2_ws/src/t3/turtlebot3/turtlebot3) by extension 'python'
[0.694s] Level 1:colcon.colcon_core.package_identification:_identify(/home/won/ros2_ws/src/t3/turtlebot3/turtlebot3) by extensions ['python_setup_py']
[0.694s] Level 1:colcon.colcon_core.package_identification:_identify(/home/won/ros2_ws/src/t3/turtlebot3/turtlebot3) by extension 'python_setup_py'
[0.695s] Level 1:colcon.colcon_core.package_identification:_identify(/home/won/ros2_ws/src/t3/turtlebot3/turtlebot3/turtlebot3) by extensions ['ignore', 'ignore_ament_install']
[0.695s] Level 1:colcon.colcon_core.package_identification:_identify(/home/won/ros2_ws/src/t3/turtlebot3/turtlebot3/turtlebot3) by extension 'ignore'
[0.695s] Level 1:colcon.colcon_core.package_identification:_identify(/home/won/ros2_ws/src/t3/turtlebot3/turtlebot3/turtlebot3) by extension 'ignore_ament_install'
[0.695s] Level 1:colcon.colcon_core.package_identification:_identify(/home/won/ros2_ws/src/t3/turtlebot3/turtlebot3/turtlebot3) by extensions ['colcon_pkg']
[0.695s] Level 1:colcon.colcon_core.package_identification:_identify(/home/won/ros2_ws/src/t3/turtlebot3/turtlebot3/turtlebot3) by extension 'colcon_pkg'
[0.695s] Level 1:colcon.colcon_core.package_identification:_identify(/home/won/ros2_ws/src/t3/turtlebot3/turtlebot3/turtlebot3) by extensions ['colcon_meta']
[0.695s] Level 1:colcon.colcon_core.package_identification:_identify(/home/won/ros2_ws/src/t3/turtlebot3/turtlebot3/turtlebot3) by extension 'colcon_meta'
[0.696s] Level 1:colcon.colcon_core.package_identification:_identify(/home/won/ros2_ws/src/t3/turtlebot3/turtlebot3/turtlebot3) by extensions ['ros']
[0.696s] Level 1:colcon.colcon_core.package_identification:_identify(/home/won/ros2_ws/src/t3/turtlebot3/turtlebot3/turtlebot3) by extension 'ros'
[0.698s] DEBUG:colcon.colcon_core.package_identification:Package '/home/won/ros2_ws/src/t3/turtlebot3/turtlebot3/turtlebot3' with type 'ros.ament_cmake' and name 'turtlebot3'
[0.698s] Level 1:colcon.colcon_core.package_identification:_identify(/home/won/ros2_ws/src/t3/turtlebot3/turtlebot3/turtlebot3_bringup) by extensions ['ignore', 'ignore_ament_install']
[0.698s] Level 1:colcon.colcon_core.package_identification:_identify(/home/won/ros2_ws/src/t3/turtlebot3/turtlebot3/turtlebot3_bringup) by extension 'ignore'
[0.699s] Level 1:colcon.colcon_core.package_identification:_identify(/home/won/ros2_ws/src/t3/turtlebot3/turtlebot3/turtlebot3_bringup) by extension 'ignore_ament_install'
[0.699s] Level 1:colcon.colcon_core.package_identification:_identify(/home/won/ros2_ws/src/t3/turtlebot3/turtlebot3/turtlebot3_bringup) by extensions ['colcon_pkg']
[0.699s] Level 1:colcon.colcon_core.package_identification:_identify(/home/won/ros2_ws/src/t3/turtlebot3/turtlebot3/turtlebot3_bringup) by extension 'colcon_pkg'
[0.699s] Level 1:colcon.colcon_core.package_identification:_identify(/home/won/ros2_ws/src/t3/turtlebot3/turtlebot3/turtlebot3_bringup) by extensions ['colcon_meta']
[0.699s] Level 1:colcon.colcon_core.package_identification:_identify(/home/won/ros2_ws/src/t3/turtlebot3/turtlebot3/turtlebot3_bringup) by extension 'colcon_meta'
[0.699s] Level 1:colcon.colcon_core.package_identification:_identify(/home/won/ros2_ws/src/t3/turtlebot3/turtlebot3/turtlebot3_bringup) by extensions ['ros']
[0.699s] Level 1:colcon.colcon_core.package_identification:_identify(/home/won/ros2_ws/src/t3/turtlebot3/turtlebot3/turtlebot3_bringup) by extension 'ros'
[0.701s] DEBUG:colcon.colcon_core.package_identification:Package '/home/won/ros2_ws/src/t3/turtlebot3/turtlebot3/turtlebot3_bringup' with type 'ros.ament_cmake' and name 'turtlebot3_bringup'
[0.701s] Level 1:colcon.colcon_core.package_identification:_identify(/home/won/ros2_ws/src/t3/turtlebot3/turtlebot3/turtlebot3_cartographer) by extensions ['ignore', 'ignore_ament_install']
[0.701s] Level 1:colcon.colcon_core.package_identification:_identify(/home/won/ros2_ws/src/t3/turtlebot3/turtlebot3/turtlebot3_cartographer) by extension 'ignore'
[0.701s] Level 1:colcon.colcon_core.package_identification:_identify(/home/won/ros2_ws/src/t3/turtlebot3/turtlebot3/turtlebot3_cartographer) by extension 'ignore_ament_install'
[0.701s] Level 1:colcon.colcon_core.package_identification:_identify(/home/won/ros2_ws/src/t3/turtlebot3/turtlebot3/turtlebot3_cartographer) by extensions ['colcon_pkg']
[0.701s] Level 1:colcon.colcon_core.package_identification:_identify(/home/won/ros2_ws/src/t3/turtlebot3/turtlebot3/turtlebot3_cartographer) by extension 'colcon_pkg'
[0.701s] Level 1:colcon.colcon_core.package_identification:_identify(/home/won/ros2_ws/src/t3/turtlebot3/turtlebot3/turtlebot3_cartographer) by extensions ['colcon_meta']
[0.701s] Level 1:colcon.colcon_core.package_identification:_identify(/home/won/ros2_ws/src/t3/turtlebot3/turtlebot3/turtlebot3_cartographer) by extension 'colcon_meta'
[0.702s] Level 1:colcon.colcon_core.package_identification:_identify(/home/won/ros2_ws/src/t3/turtlebot3/turtlebot3/turtlebot3_cartographer) by extensions ['ros']
[0.702s] Level 1:colcon.colcon_core.package_identification:_identify(/home/won/ros2_ws/src/t3/turtlebot3/turtlebot3/turtlebot3_cartographer) by extension 'ros'
[0.703s] DEBUG:colcon.colcon_core.package_identification:Package '/home/won/ros2_ws/src/t3/turtlebot3/turtlebot3/turtlebot3_cartographer' with type 'ros.ament_cmake' and name 'turtlebot3_cartographer'
[0.703s] Level 1:colcon.colcon_core.package_identification:_identify(/home/won/ros2_ws/src/t3/turtlebot3/turtlebot3/turtlebot3_description) by extensions ['ignore', 'ignore_ament_install']
[0.704s] Level 1:colcon.colcon_core.package_identification:_identify(/home/won/ros2_ws/src/t3/turtlebot3/turtlebot3/turtlebot3_description) by extension 'ignore'
[0.704s] Level 1:colcon.colcon_core.package_identification:_identify(/home/won/ros2_ws/src/t3/turtlebot3/turtlebot3/turtlebot3_description) by extension 'ignore_ament_install'
[0.704s] Level 1:colcon.colcon_core.package_identification:_identify(/home/won/ros2_ws/src/t3/turtlebot3/turtlebot3/turtlebot3_description) by extensions ['colcon_pkg']
[0.704s] Level 1:colcon.colcon_core.package_identification:_identify(/home/won/ros2_ws/src/t3/turtlebot3/turtlebot3/turtlebot3_description) by extension 'colcon_pkg'
[0.704s] Level 1:colcon.colcon_core.package_identification:_identify(/home/won/ros2_ws/src/t3/turtlebot3/turtlebot3/turtlebot3_description) by extensions ['colcon_meta']
[0.704s] Level 1:colcon.colcon_core.package_identification:_identify(/home/won/ros2_ws/src/t3/turtlebot3/turtlebot3/turtlebot3_description) by extension 'colcon_meta'
[0.704s] Level 1:colcon.colcon_core.package_identification:_identify(/home/won/ros2_ws/src/t3/turtlebot3/turtlebot3/turtlebot3_description) by extensions ['ros']
[0.704s] Level 1:colcon.colcon_core.package_identification:_identify(/home/won/ros2_ws/src/t3/turtlebot3/turtlebot3/turtlebot3_description) by extension 'ros'
[0.706s] DEBUG:colcon.colcon_core.package_identification:Package '/home/won/ros2_ws/src/t3/turtlebot3/turtlebot3/turtlebot3_description' with type 'ros.ament_cmake' and name 'turtlebot3_description'
[0.707s] Level 1:colcon.colcon_core.package_identification:_identify(/home/won/ros2_ws/src/t3/turtlebot3/turtlebot3/turtlebot3_example) by extensions ['ignore', 'ignore_ament_install']
[0.707s] Level 1:colcon.colcon_core.package_identification:_identify(/home/won/ros2_ws/src/t3/turtlebot3/turtlebot3/turtlebot3_example) by extension 'ignore'
[0.707s] Level 1:colcon.colcon_core.package_identification:_identify(/home/won/ros2_ws/src/t3/turtlebot3/turtlebot3/turtlebot3_example) by extension 'ignore_ament_install'
[0.707s] Level 1:colcon.colcon_core.package_identification:_identify(/home/won/ros2_ws/src/t3/turtlebot3/turtlebot3/turtlebot3_example) by extensions ['colcon_pkg']
[0.707s] Level 1:colcon.colcon_core.package_identification:_identify(/home/won/ros2_ws/src/t3/turtlebot3/turtlebot3/turtlebot3_example) by extension 'colcon_pkg'
[0.707s] Level 1:colcon.colcon_core.package_identification:_identify(/home/won/ros2_ws/src/t3/turtlebot3/turtlebot3/turtlebot3_example) by extensions ['colcon_meta']
[0.707s] Level 1:colcon.colcon_core.package_identification:_identify(/home/won/ros2_ws/src/t3/turtlebot3/turtlebot3/turtlebot3_example) by extension 'colcon_meta'
[0.707s] Level 1:colcon.colcon_core.package_identification:_identify(/home/won/ros2_ws/src/t3/turtlebot3/turtlebot3/turtlebot3_example) by extensions ['ros']
[0.707s] Level 1:colcon.colcon_core.package_identification:_identify(/home/won/ros2_ws/src/t3/turtlebot3/turtlebot3/turtlebot3_example) by extension 'ros'
[0.710s] DEBUG:colcon.colcon_core.package_identification:Package '/home/won/ros2_ws/src/t3/turtlebot3/turtlebot3/turtlebot3_example' with type 'ros.ament_python' and name 'turtlebot3_example'
[0.710s] Level 1:colcon.colcon_core.package_identification:_identify(/home/won/ros2_ws/src/t3/turtlebot3/turtlebot3/turtlebot3_navigation2) by extensions ['ignore', 'ignore_ament_install']
[0.711s] Level 1:colcon.colcon_core.package_identification:_identify(/home/won/ros2_ws/src/t3/turtlebot3/turtlebot3/turtlebot3_navigation2) by extension 'ignore'
[0.711s] Level 1:colcon.colcon_core.package_identification:_identify(/home/won/ros2_ws/src/t3/turtlebot3/turtlebot3/turtlebot3_navigation2) by extension 'ignore_ament_install'
[0.711s] Level 1:colcon.colcon_core.package_identification:_identify(/home/won/ros2_ws/src/t3/turtlebot3/turtlebot3/turtlebot3_navigation2) by extensions ['colcon_pkg']
[0.711s] Level 1:colcon.colcon_core.package_identification:_identify(/home/won/ros2_ws/src/t3/turtlebot3/turtlebot3/turtlebot3_navigation2) by extension 'colcon_pkg'
[0.711s] Level 1:colcon.colcon_core.package_identification:_identify(/home/won/ros2_ws/src/t3/turtlebot3/turtlebot3/turtlebot3_navigation2) by extensions ['colcon_meta']
[0.711s] Level 1:colcon.colcon_core.package_identification:_identify(/home/won/ros2_ws/src/t3/turtlebot3/turtlebot3/turtlebot3_navigation2) by extension 'colcon_meta'
[0.711s] Level 1:colcon.colcon_core.package_identification:_identify(/home/won/ros2_ws/src/t3/turtlebot3/turtlebot3/turtlebot3_navigation2) by extensions ['ros']
[0.711s] Level 1:colcon.colcon_core.package_identification:_identify(/home/won/ros2_ws/src/t3/turtlebot3/turtlebot3/turtlebot3_navigation2) by extension 'ros'
[0.713s] DEBUG:colcon.colcon_core.package_identification:Package '/home/won/ros2_ws/src/t3/turtlebot3/turtlebot3/turtlebot3_navigation2' with type 'ros.ament_cmake' and name 'turtlebot3_navigation2'
[0.714s] Level 1:colcon.colcon_core.package_identification:_identify(/home/won/ros2_ws/src/t3/turtlebot3/turtlebot3/turtlebot3_node) by extensions ['ignore', 'ignore_ament_install']
[0.714s] Level 1:colcon.colcon_core.package_identification:_identify(/home/won/ros2_ws/src/t3/turtlebot3/turtlebot3/turtlebot3_node) by extension 'ignore'
[0.714s] Level 1:colcon.colcon_core.package_identification:_identify(/home/won/ros2_ws/src/t3/turtlebot3/turtlebot3/turtlebot3_node) ignored
[0.715s] Level 1:colcon.colcon_core.package_identification:_identify(/home/won/ros2_ws/src/t3/turtlebot3/turtlebot3/turtlebot3_teleop) by extensions ['ignore', 'ignore_ament_install']
[0.715s] Level 1:colcon.colcon_core.package_identification:_identify(/home/won/ros2_ws/src/t3/turtlebot3/turtlebot3/turtlebot3_teleop) by extension 'ignore'
[0.715s] Level 1:colcon.colcon_core.package_identification:_identify(/home/won/ros2_ws/src/t3/turtlebot3/turtlebot3/turtlebot3_teleop) by extension 'ignore_ament_install'
[0.715s] Level 1:colcon.colcon_core.package_identification:_identify(/home/won/ros2_ws/src/t3/turtlebot3/turtlebot3/turtlebot3_teleop) by extensions ['colcon_pkg']
[0.715s] Level 1:colcon.colcon_core.package_identification:_identify(/home/won/ros2_ws/src/t3/turtlebot3/turtlebot3/turtlebot3_teleop) by extension 'colcon_pkg'
[0.715s] Level 1:colcon.colcon_core.package_identification:_identify(/home/won/ros2_ws/src/t3/turtlebot3/turtlebot3/turtlebot3_teleop) by extensions ['colcon_meta']
[0.715s] Level 1:colcon.colcon_core.package_identification:_identify(/home/won/ros2_ws/src/t3/turtlebot3/turtlebot3/turtlebot3_teleop) by extension 'colcon_meta'
[0.715s] Level 1:colcon.colcon_core.package_identification:_identify(/home/won/ros2_ws/src/t3/turtlebot3/turtlebot3/turtlebot3_teleop) by extensions ['ros']
[0.715s] Level 1:colcon.colcon_core.package_identification:_identify(/home/won/ros2_ws/src/t3/turtlebot3/turtlebot3/turtlebot3_teleop) by extension 'ros'
[0.717s] DEBUG:colcon.colcon_core.package_identification:Package '/home/won/ros2_ws/src/t3/turtlebot3/turtlebot3/turtlebot3_teleop' with type 'ros.ament_python' and name 'turtlebot3_teleop'
[0.717s] Level 1:colcon.colcon_core.package_identification:_identify(/home/won/ros2_ws/src/t3/turtlebot3_as) by extensions ['ignore', 'ignore_ament_install']
[0.717s] Level 1:colcon.colcon_core.package_identification:_identify(/home/won/ros2_ws/src/t3/turtlebot3_as) by extension 'ignore'
[0.717s] Level 1:colcon.colcon_core.package_identification:_identify(/home/won/ros2_ws/src/t3/turtlebot3_as) by extension 'ignore_ament_install'
[0.717s] Level 1:colcon.colcon_core.package_identification:_identify(/home/won/ros2_ws/src/t3/turtlebot3_as) by extensions ['colcon_pkg']
[0.717s] Level 1:colcon.colcon_core.package_identification:_identify(/home/won/ros2_ws/src/t3/turtlebot3_as) by extension 'colcon_pkg'
[0.718s] Level 1:colcon.colcon_core.package_identification:_identify(/home/won/ros2_ws/src/t3/turtlebot3_as) by extensions ['colcon_meta']
[0.718s] Level 1:colcon.colcon_core.package_identification:_identify(/home/won/ros2_ws/src/t3/turtlebot3_as) by extension 'colcon_meta'
[0.718s] Level 1:colcon.colcon_core.package_identification:_identify(/home/won/ros2_ws/src/t3/turtlebot3_as) by extensions ['ros']
[0.718s] Level 1:colcon.colcon_core.package_identification:_identify(/home/won/ros2_ws/src/t3/turtlebot3_as) by extension 'ros'
[0.720s] DEBUG:colcon.colcon_core.package_identification:Package '/home/won/ros2_ws/src/t3/turtlebot3_as' with type 'ros.ament_cmake' and name 'turtlebot3_as'
[0.720s] Level 1:colcon.colcon_core.package_identification:_identify(/home/won/ros2_ws/src/t3/turtlebot3_msgs) by extensions ['ignore', 'ignore_ament_install']
[0.720s] Level 1:colcon.colcon_core.package_identification:_identify(/home/won/ros2_ws/src/t3/turtlebot3_msgs) by extension 'ignore'
[0.720s] Level 1:colcon.colcon_core.package_identification:_identify(/home/won/ros2_ws/src/t3/turtlebot3_msgs) by extension 'ignore_ament_install'
[0.720s] Level 1:colcon.colcon_core.package_identification:_identify(/home/won/ros2_ws/src/t3/turtlebot3_msgs) by extensions ['colcon_pkg']
[0.720s] Level 1:colcon.colcon_core.package_identification:_identify(/home/won/ros2_ws/src/t3/turtlebot3_msgs) by extension 'colcon_pkg'
[0.720s] Level 1:colcon.colcon_core.package_identification:_identify(/home/won/ros2_ws/src/t3/turtlebot3_msgs) by extensions ['colcon_meta']
[0.720s] Level 1:colcon.colcon_core.package_identification:_identify(/home/won/ros2_ws/src/t3/turtlebot3_msgs) by extension 'colcon_meta'
[0.721s] Level 1:colcon.colcon_core.package_identification:_identify(/home/won/ros2_ws/src/t3/turtlebot3_msgs) by extensions ['ros']
[0.721s] Level 1:colcon.colcon_core.package_identification:_identify(/home/won/ros2_ws/src/t3/turtlebot3_msgs) by extension 'ros'
[0.723s] DEBUG:colcon.colcon_core.package_identification:Package '/home/won/ros2_ws/src/t3/turtlebot3_msgs' with type 'ros.ament_cmake' and name 'turtlebot3_msgs'
[0.723s] Level 1:colcon.colcon_core.package_identification:_identify(/home/won/ros2_ws/src/t3/turtlebot3_simulations) by extensions ['ignore', 'ignore_ament_install']
[0.723s] Level 1:colcon.colcon_core.package_identification:_identify(/home/won/ros2_ws/src/t3/turtlebot3_simulations) by extension 'ignore'
[0.723s] Level 1:colcon.colcon_core.package_identification:_identify(/home/won/ros2_ws/src/t3/turtlebot3_simulations) by extension 'ignore_ament_install'
[0.724s] Level 1:colcon.colcon_core.package_identification:_identify(/home/won/ros2_ws/src/t3/turtlebot3_simulations) by extensions ['colcon_pkg']
[0.724s] Level 1:colcon.colcon_core.package_identification:_identify(/home/won/ros2_ws/src/t3/turtlebot3_simulations) by extension 'colcon_pkg'
[0.724s] Level 1:colcon.colcon_core.package_identification:_identify(/home/won/ros2_ws/src/t3/turtlebot3_simulations) by extensions ['colcon_meta']
[0.724s] Level 1:colcon.colcon_core.package_identification:_identify(/home/won/ros2_ws/src/t3/turtlebot3_simulations) by extension 'colcon_meta'
[0.724s] Level 1:colcon.colcon_core.package_identification:_identify(/home/won/ros2_ws/src/t3/turtlebot3_simulations) by extensions ['ros']
[0.724s] Level 1:colcon.colcon_core.package_identification:_identify(/home/won/ros2_ws/src/t3/turtlebot3_simulations) by extension 'ros'
[0.724s] Level 1:colcon.colcon_core.package_identification:_identify(/home/won/ros2_ws/src/t3/turtlebot3_simulations) by extensions ['cmake', 'python']
[0.724s] Level 1:colcon.colcon_core.package_identification:_identify(/home/won/ros2_ws/src/t3/turtlebot3_simulations) by extension 'cmake'
[0.724s] Level 1:colcon.colcon_core.package_identification:_identify(/home/won/ros2_ws/src/t3/turtlebot3_simulations) by extension 'python'
[0.724s] Level 1:colcon.colcon_core.package_identification:_identify(/home/won/ros2_ws/src/t3/turtlebot3_simulations) by extensions ['python_setup_py']
[0.725s] Level 1:colcon.colcon_core.package_identification:_identify(/home/won/ros2_ws/src/t3/turtlebot3_simulations) by extension 'python_setup_py'
[0.725s] Level 1:colcon.colcon_core.package_identification:_identify(/home/won/ros2_ws/src/t3/turtlebot3_simulations/turtlebot3_gazebo) by extensions ['ignore', 'ignore_ament_install']
[0.725s] Level 1:colcon.colcon_core.package_identification:_identify(/home/won/ros2_ws/src/t3/turtlebot3_simulations/turtlebot3_gazebo) by extension 'ignore'
[0.725s] Level 1:colcon.colcon_core.package_identification:_identify(/home/won/ros2_ws/src/t3/turtlebot3_simulations/turtlebot3_gazebo) by extension 'ignore_ament_install'
[0.725s] Level 1:colcon.colcon_core.package_identification:_identify(/home/won/ros2_ws/src/t3/turtlebot3_simulations/turtlebot3_gazebo) by extensions ['colcon_pkg']
[0.725s] Level 1:colcon.colcon_core.package_identification:_identify(/home/won/ros2_ws/src/t3/turtlebot3_simulations/turtlebot3_gazebo) by extension 'colcon_pkg'
[0.725s] Level 1:colcon.colcon_core.package_identification:_identify(/home/won/ros2_ws/src/t3/turtlebot3_simulations/turtlebot3_gazebo) by extensions ['colcon_meta']
[0.725s] Level 1:colcon.colcon_core.package_identification:_identify(/home/won/ros2_ws/src/t3/turtlebot3_simulations/turtlebot3_gazebo) by extension 'colcon_meta'
[0.726s] Level 1:colcon.colcon_core.package_identification:_identify(/home/won/ros2_ws/src/t3/turtlebot3_simulations/turtlebot3_gazebo) by extensions ['ros']
[0.726s] Level 1:colcon.colcon_core.package_identification:_identify(/home/won/ros2_ws/src/t3/turtlebot3_simulations/turtlebot3_gazebo) by extension 'ros'
[0.727s] DEBUG:colcon.colcon_core.package_identification:Package '/home/won/ros2_ws/src/t3/turtlebot3_simulations/turtlebot3_gazebo' with type 'ros.ament_cmake' and name 'turtlebot3_gazebo'
[0.727s] Level 1:colcon.colcon_core.package_identification:_identify(/home/won/ros2_ws/src/t3/turtlebot3_simulations/turtlebot3_simulations) by extensions ['ignore', 'ignore_ament_install']
[0.728s] Level 1:colcon.colcon_core.package_identification:_identify(/home/won/ros2_ws/src/t3/turtlebot3_simulations/turtlebot3_simulations) by extension 'ignore'
[0.728s] Level 1:colcon.colcon_core.package_identification:_identify(/home/won/ros2_ws/src/t3/turtlebot3_simulations/turtlebot3_simulations) by extension 'ignore_ament_install'
[0.728s] Level 1:colcon.colcon_core.package_identification:_identify(/home/won/ros2_ws/src/t3/turtlebot3_simulations/turtlebot3_simulations) by extensions ['colcon_pkg']
[0.728s] Level 1:colcon.colcon_core.package_identification:_identify(/home/won/ros2_ws/src/t3/turtlebot3_simulations/turtlebot3_simulations) by extension 'colcon_pkg'
[0.728s] Level 1:colcon.colcon_core.package_identification:_identify(/home/won/ros2_ws/src/t3/turtlebot3_simulations/turtlebot3_simulations) by extensions ['colcon_meta']
[0.728s] Level 1:colcon.colcon_core.package_identification:_identify(/home/won/ros2_ws/src/t3/turtlebot3_simulations/turtlebot3_simulations) by extension 'colcon_meta'
[0.728s] Level 1:colcon.colcon_core.package_identification:_identify(/home/won/ros2_ws/src/t3/turtlebot3_simulations/turtlebot3_simulations) by extensions ['ros']
[0.728s] Level 1:colcon.colcon_core.package_identification:_identify(/home/won/ros2_ws/src/t3/turtlebot3_simulations/turtlebot3_simulations) by extension 'ros'
[0.730s] DEBUG:colcon.colcon_core.package_identification:Package '/home/won/ros2_ws/src/t3/turtlebot3_simulations/turtlebot3_simulations' with type 'ros.ament_cmake' and name 'turtlebot3_simulations'
[0.730s] Level 1:colcon.colcon_core.package_identification:_identify(/home/won/ros2_ws/src/topic_exercise) by extensions ['ignore', 'ignore_ament_install']
[0.731s] Level 1:colcon.colcon_core.package_identification:_identify(/home/won/ros2_ws/src/topic_exercise) by extension 'ignore'
[0.731s] Level 1:colcon.colcon_core.package_identification:_identify(/home/won/ros2_ws/src/topic_exercise) by extension 'ignore_ament_install'
[0.731s] Level 1:colcon.colcon_core.package_identification:_identify(/home/won/ros2_ws/src/topic_exercise) by extensions ['colcon_pkg']
[0.731s] Level 1:colcon.colcon_core.package_identification:_identify(/home/won/ros2_ws/src/topic_exercise) by extension 'colcon_pkg'
[0.731s] Level 1:colcon.colcon_core.package_identification:_identify(/home/won/ros2_ws/src/topic_exercise) by extensions ['colcon_meta']
[0.731s] Level 1:colcon.colcon_core.package_identification:_identify(/home/won/ros2_ws/src/topic_exercise) by extension 'colcon_meta'
[0.731s] Level 1:colcon.colcon_core.package_identification:_identify(/home/won/ros2_ws/src/topic_exercise) by extensions ['ros']
[0.731s] Level 1:colcon.colcon_core.package_identification:_identify(/home/won/ros2_ws/src/topic_exercise) by extension 'ros'
[0.733s] DEBUG:colcon.colcon_core.package_identification:Package '/home/won/ros2_ws/src/topic_exercise' with type 'ros.ament_python' and name 'topic_exercise'
[0.733s] Level 1:colcon.colcon_core.package_identification:_identify(/home/won/ros2_ws/src/topic_exercise_cpp) by extensions ['ignore', 'ignore_ament_install']
[0.733s] Level 1:colcon.colcon_core.package_identification:_identify(/home/won/ros2_ws/src/topic_exercise_cpp) by extension 'ignore'
[0.734s] Level 1:colcon.colcon_core.package_identification:_identify(/home/won/ros2_ws/src/topic_exercise_cpp) by extension 'ignore_ament_install'
[0.734s] Level 1:colcon.colcon_core.package_identification:_identify(/home/won/ros2_ws/src/topic_exercise_cpp) by extensions ['colcon_pkg']
[0.734s] Level 1:colcon.colcon_core.package_identification:_identify(/home/won/ros2_ws/src/topic_exercise_cpp) by extension 'colcon_pkg'
[0.734s] Level 1:colcon.colcon_core.package_identification:_identify(/home/won/ros2_ws/src/topic_exercise_cpp) by extensions ['colcon_meta']
[0.734s] Level 1:colcon.colcon_core.package_identification:_identify(/home/won/ros2_ws/src/topic_exercise_cpp) by extension 'colcon_meta'
[0.734s] Level 1:colcon.colcon_core.package_identification:_identify(/home/won/ros2_ws/src/topic_exercise_cpp) by extensions ['ros']
[0.734s] Level 1:colcon.colcon_core.package_identification:_identify(/home/won/ros2_ws/src/topic_exercise_cpp) by extension 'ros'
[0.736s] DEBUG:colcon.colcon_core.package_identification:Package '/home/won/ros2_ws/src/topic_exercise_cpp' with type 'ros.ament_cmake' and name 'topic_exercise_cpp'
[0.736s] Level 1:colcon.colcon_core.package_identification:_identify(/home/won/ros2_ws/src/topic_exercise_nh) by extensions ['ignore', 'ignore_ament_install']
[0.736s] Level 1:colcon.colcon_core.package_identification:_identify(/home/won/ros2_ws/src/topic_exercise_nh) by extension 'ignore'
[0.736s] Level 1:colcon.colcon_core.package_identification:_identify(/home/won/ros2_ws/src/topic_exercise_nh) by extension 'ignore_ament_install'
[0.736s] Level 1:colcon.colcon_core.package_identification:_identify(/home/won/ros2_ws/src/topic_exercise_nh) by extensions ['colcon_pkg']
[0.736s] Level 1:colcon.colcon_core.package_identification:_identify(/home/won/ros2_ws/src/topic_exercise_nh) by extension 'colcon_pkg'
[0.737s] Level 1:colcon.colcon_core.package_identification:_identify(/home/won/ros2_ws/src/topic_exercise_nh) by extensions ['colcon_meta']
[0.737s] Level 1:colcon.colcon_core.package_identification:_identify(/home/won/ros2_ws/src/topic_exercise_nh) by extension 'colcon_meta'
[0.737s] Level 1:colcon.colcon_core.package_identification:_identify(/home/won/ros2_ws/src/topic_exercise_nh) by extensions ['ros']
[0.737s] Level 1:colcon.colcon_core.package_identification:_identify(/home/won/ros2_ws/src/topic_exercise_nh) by extension 'ros'
[0.738s] DEBUG:colcon.colcon_core.package_identification:Package '/home/won/ros2_ws/src/topic_exercise_nh' with type 'ros.ament_cmake' and name 'topic_exercise_nh'
[0.738s] Level 1:colcon.colcon_core.package_discovery:discover_packages(recursive) using defaults
